Rufus x86 v3.20.1929 (Portable)
Windows version: Windows 11 Home Single Language, 64-bit (Build 22000.856)
Syslinux versions: 4.07/2013-07-25, 6.04/pre1
Grub versions: 0.4.6a, 2.06
System locale ID: 0x0409 (en-US)
Will use default UI locale 0x0409
SetLGP: Successfully set NoDriveTypeAutorun policy to 0x0000009E
Localization set to 'en-US'
Found USB 2.0 device 'SanDisk Cruzer Blade USB Device' (0781:5567)
1 device found
Disk type: Removable, Disk size: 32 GB, Sector size: 512 bytes
Cylinders: 3818, Tracks per cylinder: 255, Sectors per track: 63
Partition type: GPT, NB Partitions: 1
Disk GUID: {19C6B5AC-F713-42D8-97F4-5215C55DDE44}
Max parts: 128, Start Offset: 17408, Usable = 31406914048 bytes
Partition 1:
  Type: Microsoft Basic Data Partition
  Name: 'Main Data Partition'
  Detected File System: FAT32
  ID: {04F6A8F1-B8A3-4C47-9901-CFB17EC87EA3}
  Size: 29.2 GB (31405882880 bytes)
  Start Sector: 2048, Attributes: 0x0000000000000000
Scanning image...
ISO analysis:
  Image is a UDF image
Disk image analysis:
  Image does not have a Boot Marker
ISO label: 'CCCOMA_X64FRE_EN-GB_DV9'
  Detected: Windows 11 ISO (Build 22000.194)
  Size: 5.2 GB (Projected)
  Has a >4GB file
  Uses: EFI
  Uses: Bootmgr (BIOS and UEFI)
  Uses: Install.wim (version 0.13.1)
Using image: Win11_EnglishInternational_x64v1.iso (5.2 GB)
Checking for Rufus updates...
Checking release channel...
No new release version found.

Format operation started
Requesting disk access...
Will use 'H:' as volume mountpoint
Opened \\.\PhysicalDrive2 for shared write access
Analyzing existing boot records...
Drive has a Zeroed Master Boot Record
Clearing MBR/PBR/GPT structures...
Erasing 128 sectors
Initializing disk...
Partitioning (GPT)...
● Creating Main Data Partition (offset: 1048576, size: 29.2 GB)
● Creating UEFI:NTFS Partition (offset: 31405844992, size: 1 MB)
Writing UEFI:NTFS data...
Waiting for logical drive to reappear...
Formatting to NTFS (using IFS)
Using cluster size: 4096 bytes
Quick format was selected
Creating file system...
Format completed.
Opened \\.\PhysicalDrive2 for shared write access
Writing Master Boot Record...
Using Rufus protective MBR
Writing protective message SBR
Found volume \\?\Volume{7190a0e6-db1f-42be-88fd-20cb762b6459}\
Disabling file indexing...
Successfully remounted \\?\Volume{7190a0e6-db1f-42be-88fd-20cb762b6459}\ as H:
Extracting files...
Image is a UDF image
Extracting: H:\autorun.inf (128 bytes)
Extracting: H:\boot\bcd (16 KB)
Extracting: H:\boot\boot.sdi (3 MB)
Extracting: H:\boot\bootfix.bin (1 KB)
Extracting: H:\boot\bootsect.exe (104.3 KB)
Extracting: H:\boot\en-gb\bootsect.exe.mui (16 KB)
Extracting: H:\boot\etfsboot.com (4 KB)
Extracting: H:\boot\fonts\chs_boot.ttf (3.5 MB)
Extracting: H:\boot\fonts\cht_boot.ttf (3.7 MB)
Extracting: H:\boot\fonts\jpn_boot.ttf (1.9 MB)
Extracting: H:\boot\fonts\kor_boot.ttf (2.3 MB)
Extracting: H:\boot\fonts\malgun_boot.ttf (190.7 KB)
Extracting: H:\boot\fonts\malgun_console.ttf (80.4 KB)
Extracting: H:\boot\fonts\malgunn_boot.ttf (188.4 KB)
Extracting: H:\boot\fonts\meiryo_boot.ttf (160.9 KB)
Extracting: H:\boot\fonts\meiryo_console.ttf (89.4 KB)
Extracting: H:\boot\fonts\meiryon_boot.ttf (159.3 KB)
Extracting: H:\boot\fonts\msjh_boot.ttf (178.1 KB)
Extracting: H:\boot\fonts\msjh_console.ttf (199.0 KB)
Extracting: H:\boot\fonts\msjhn_boot.ttf (176.1 KB)
Extracting: H:\boot\fonts\msyh_boot.ttf (170.2 KB)
Extracting: H:\boot\fonts\msyh_console.ttf (95.1 KB)
Extracting: H:\boot\fonts\msyhn_boot.ttf (168.4 KB)
Extracting: H:\boot\fonts\segmono_boot.ttf (43.7 KB)
Extracting: H:\boot\fonts\segoe_slboot.ttf (99.5 KB)
Extracting: H:\boot\fonts\segoen_slboot.ttf (99.3 KB)
Extracting: H:\boot\fonts\wgl4_boot.ttf (47.8 KB)
Extracting: H:\boot\memtest.exe (1004.3 KB)
Extracting: H:\boot\resources\bootres.dll (168.3 KB)
Extracting: H:\boot\resources\bootres_hci.dll (108.3 KB)
Extracting: H:\bootmgr (426.4 KB)
Extracting: H:\bootmgr.efi (1.9 MB)
Extracting: H:\efi\boot\bootx64.efi (1.9 MB)
Extracting: H:\efi\microsoft\boot\bcd (16 KB)
Extracting: H:\efi\microsoft\boot\cdboot.efi (868.8 KB)
Extracting: H:\efi\microsoft\boot\cdboot_noprompt.efi (868.8 KB)
Extracting: H:\efi\microsoft\boot\cipolicies\active\{5dac656c-21ad-4a02-ab49-649917162e70}.cip (10.2 KB)
Extracting: H:\efi\microsoft\boot\cipolicies\active\{82443e1e-8a39-4b4a-96a8-f40ddc00b9f3}.cip (26.3 KB)
Extracting: H:\efi\microsoft\boot\cipolicies\active\{cdd5cb55-db68-4d71-aa38-3df2b6473a52}.cip (10.6 KB)
Extracting: H:\efi\microsoft\boot\efisys.bin (1.4 MB)
Extracting: H:\efi\microsoft\boot\efisys_noprompt.bin (1.4 MB)
Extracting: H:\efi\microsoft\boot\fonts\chs_boot.ttf (3.5 MB)
Extracting: H:\efi\microsoft\boot\fonts\cht_boot.ttf (3.7 MB)
Extracting: H:\efi\microsoft\boot\fonts\jpn_boot.ttf (1.9 MB)
Extracting: H:\efi\microsoft\boot\fonts\kor_boot.ttf (2.3 MB)
Extracting: H:\efi\microsoft\boot\fonts\malgun_boot.ttf (190.7 KB)
Extracting: H:\efi\microsoft\boot\fonts\malgun_console.ttf (80.4 KB)
Extracting: H:\efi\microsoft\boot\fonts\malgunn_boot.ttf (188.3 KB)
Extracting: H:\efi\microsoft\boot\fonts\meiryo_boot.ttf (160.9 KB)
Extracting: H:\efi\microsoft\boot\fonts\meiryo_console.ttf (89.4 KB)
Extracting: H:\efi\microsoft\boot\fonts\meiryon_boot.ttf (159.3 KB)
Extracting: H:\efi\microsoft\boot\fonts\msjh_boot.ttf (178.1 KB)
Extracting: H:\efi\microsoft\boot\fonts\msjh_console.ttf (199.0 KB)
Extracting: H:\efi\microsoft\boot\fonts\msjhn_boot.ttf (176.1 KB)
Extracting: H:\efi\microsoft\boot\fonts\msyh_boot.ttf (170.1 KB)
Extracting: H:\efi\microsoft\boot\fonts\msyh_console.ttf (95.1 KB)
Extracting: H:\efi\microsoft\boot\fonts\msyhn_boot.ttf (168.4 KB)
Extracting: H:\efi\microsoft\boot\fonts\segmono_boot.ttf (43.7 KB)
Extracting: H:\efi\microsoft\boot\fonts\segoe_slboot.ttf (99.5 KB)
Extracting: H:\efi\microsoft\boot\fonts\segoen_slboot.ttf (99.3 KB)
Extracting: H:\efi\microsoft\boot\fonts\wgl4_boot.ttf (47.8 KB)
Extracting: H:\efi\microsoft\boot\memtest.efi (1.7 MB)
Extracting: H:\efi\microsoft\boot\resources\bootres.dll (168.3 KB)
Extracting: H:\efi\microsoft\boot\resources\bootres_hci.dll (108.3 KB)
Extracting: H:\efi\microsoft\boot\winsipolicy.p7b (9.6 KB)
Extracting: H:\setup.exe (92.5 KB)
Extracting: H:\sources\acmigration.dll (492.3 KB)
Extracting: H:\sources\acres.dll (336.3 KB)
Extracting: H:\sources\actionqueue.dll (204.3 KB)
Extracting: H:\sources\adfscomp.dll (64.3 KB)
Extracting: H:\sources\admtv3check.dll (92.5 KB)
Extracting: H:\sources\aeinv.dll (872.3 KB)
Extracting: H:\sources\alert.gif (1 KB)
Extracting: H:\sources\appcompat.xsl (11.4 KB)
Extracting: H:\sources\appcompat_bidi.xsl (12.2 KB)
Extracting: H:\sources\appcompat_detailed.xsl (13.3 KB)
Extracting: H:\sources\appcompat_detailed_bidi.xsl (13.4 KB)
Extracting: H:\sources\appcompat_detailed_bidi_txt.xsl (13.1 KB)
Extracting: H:\sources\appcompat_detailed_txt.xsl (13 KB)
Extracting: H:\sources\appcompatservicing.dll (88.3 KB)
Extracting: H:\sources\appraiser.dll (2.1 MB)
Extracting: H:\sources\appraiser.sdb (2.5 MB)
Extracting: H:\sources\appraiserdatasha1.cat (9.3 KB)
Extracting: H:\sources\appraiserres.dll (192.3 KB)
Extracting: H:\sources\appraisersdblatestoshash.txt (90 bytes)
Extracting: H:\sources\appraiserwc.dll (2.1 MB)
Extracting: H:\sources\arunimg.dll (816.3 KB)
Extracting: H:\sources\arunres.dll (24.3 KB)
Extracting: H:\sources\autorun.dll (168.3 KB)
Extracting: H:\sources\background_cli.bmp (2.3 MB)
Extracting: H:\sources\bcd.dll (145.6 KB)
Extracting: H:\sources\boot.wim (433.8 MB)
Extracting: H:\sources\bootsvc.dll (254.5 KB)
Extracting: H:\sources\ca-es\compatresources.dll.mui (30 KB)
Extracting: H:\sources\ca-es\mediasetupuimgr.dll.mui (56.5 KB)
Extracting: H:\sources\cdplib.mof (1.9 KB)
Extracting: H:\sources\cdplibuninstall.mof (571 bytes)
Extracting: H:\sources\clustercompliance.dll (40.5 KB)
Extracting: H:\sources\cmi2migxml.dll (224.3 KB)
Extracting: H:\sources\cmisetup.dll (164.3 KB)
Extracting: H:\sources\compatappraiserresources.dll (228.3 KB)
Extracting: H:\sources\compatctrl.dll (196.3 KB)
Extracting: H:\sources\compatresources.dll (352.3 KB)
Extracting: H:\sources\compres.dll (48.4 KB)
Extracting: H:\sources\cpufms.ini (457 bytes)
Extracting: H:\sources\cryptosetup.dll (44.5 KB)
Extracting: H:\sources\csiagent.dll (700.3 KB)
Extracting: H:\sources\cversion.ini (49 bytes)
Extracting: H:\sources\db_msftproductionwindowssigningca.cer (1.5 KB)
Extracting: H:\sources\devinv.dll (736.3 KB)
Extracting: H:\sources\diager.dll (76.3 KB)
Extracting: H:\sources\diagnostic.dll (212.3 KB)
Extracting: H:\sources\diagtrack.dll (1.3 MB)
Extracting: H:\sources\diagtrackrunner.exe (86.2 KB)
Extracting: H:\sources\dism.exe (324.3 KB)
Extracting: H:\sources\dismapi.dll (1.1 MB)
Extracting: H:\sources\dismcore.dll (444.3 KB)
Extracting: H:\sources\dismcoreps.dll (200.3 KB)
Extracting: H:\sources\dismprov.dll (292.3 KB)
Extracting: H:\sources\dlmanifests\accessibilitycpl-dl.man (4.6 KB)
Extracting: H:\sources\dlmanifests\activedirectory-webservices-dl.man (667 bytes)
Extracting: H:\sources\dlmanifests\activedirectory-wmireplicationprovider-dl.man (1.1 KB)
Extracting: H:\sources\dlmanifests\adsi-ldap-extensions-dl.man (3.6 KB)
Extracting: H:\sources\dlmanifests\adsi-ldap-provider-dl.man (1.6 KB)
Extracting: H:\sources\dlmanifests\adsi-router-dl.man (1.9 KB)
Extracting: H:\sources\dlmanifests\adsi-winnt-provider-dl.man (1.6 KB)
Extracting: H:\sources\dlmanifests\browserservice-dl.man (3.1 KB)
Extracting: H:\sources\dlmanifests\capi2_certs-dl.man (6.9 KB)
Extracting: H:\sources\dlmanifests\commandprompt-dl.man (2.8 KB)
Extracting: H:\sources\dlmanifests\coreos-dl.man (1.6 KB)
Extracting: H:\sources\dlmanifests\credential-manager-dl.man (2.2 KB)
Extracting: H:\sources\dlmanifests\crypto_keys-dl.man (2.9 KB)
Extracting: H:\sources\dlmanifests\cryptoconfig-dl.man (1.4 KB)
Extracting: H:\sources\dlmanifests\dfsclient-dl.man (1.6 KB)
Extracting: H:\sources\dlmanifests\dfsmgmt-dl.man (2 KB)
Extracting: H:\sources\dlmanifests\dhcpclient-dl.man (1.5 KB)
Extracting: H:\sources\dlmanifests\directoryservices-adam-dl.man (2.1 KB)
Extracting: H:\sources\dlmanifests\directoryservices-domain-dl.man (2.0 KB)
Extracting: H:\sources\dlmanifests\directoryservices-ism-smtp-dl.man (1.8 KB)
Extracting: H:\sources\dlmanifests\dns-client-dl.man (3.7 KB)
Extracting: H:\sources\dlmanifests\dns-server-service-dl.man (2.3 KB)
Extracting: H:\sources\dlmanifests\dpapi_keys-dl.man (4.4 KB)
Extracting: H:\sources\dlmanifests\etw-core-dl.man (1.4 KB)
Extracting: H:\sources\dlmanifests\etwtracing.man (14.8 KB)
Extracting: H:\sources\dlmanifests\eventlog-dl.man (1.7 KB)
Extracting: H:\sources\dlmanifests\explorer-dl.man (2.5 KB)
Extracting: H:\sources\dlmanifests\feclient-dl.man (1.6 KB)
Extracting: H:\sources\dlmanifests\fonts-type1-dl.man (788 bytes)
Extracting: H:\sources\dlmanifests\frs-core-dl.man (4.3 KB)
Extracting: H:\sources\dlmanifests\gpbase-dl.man (7.0 KB)
Extracting: H:\sources\dlmanifests\gpmc-dl.man (1.4 KB)
Extracting: H:\sources\dlmanifests\gpmgmt-dl.man (1.5 KB)
Extracting: H:\sources\dlmanifests\grouppolicy-admin-gpedit-dl.man (1.4 KB)
Extracting: H:\sources\dlmanifests\grouppolicy-admin-gpedit-snapin-dl.man (1.4 KB)
Extracting: H:\sources\dlmanifests\grouppolicy-cse-softwareinstallation-dl.man (1.9 KB)
Extracting: H:\sources\dlmanifests\grouppolicy-serveradmintools-gpmc-dl.man (1.6 KB)
Extracting: H:\sources\dlmanifests\ieframe-dl.man (1.1 KB)
Extracting: H:\sources\dlmanifests\ime-traditional-chinese-migration-dl.man (1.5 KB)
Extracting: H:\sources\dlmanifests\kerberos-key-distribution-center-dl.man (2 KB)
Extracting: H:\sources\dlmanifests\ldap-client-dl.man (1.4 KB)
Extracting: H:\sources\dlmanifests\microsoft-activedirectory-webservices-dl\adwsmigrate.dll (116.3 KB)
Extracting: H:\sources\dlmanifests\microsoft-windows-bits-client-dl.man (1.6 KB)
Extracting: H:\sources\dlmanifests\microsoft-windows-certificateservices-ca-dl.man (1.8 KB)
Extracting: H:\sources\dlmanifests\microsoft-windows-certificateservices-camanagement-dl.man (1.4 KB)
Extracting: H:\sources\dlmanifests\microsoft-windows-certificateservices-mscep-dl.man (1.7 KB)
Extracting: H:\sources\dlmanifests\microsoft-windows-com-complus-setup-dl\commig.dll (188.3 KB)
Extracting: H:\sources\dlmanifests\microsoft-windows-com-dtc-setup-dl\msdtcstp.dll (96.3 KB)
Extracting: H:\sources\dlmanifests\microsoft-windows-dhcpservermigplugin-dl\dhcpsrvmigplugin.dll (120.3 KB)
Extracting: H:\sources\dlmanifests\microsoft-windows-directoryservices-adam-dl\adammigrate.dll (144.3 KB)
Extracting: H:\sources\dlmanifests\microsoft-windows-errorreportingcore-dl.man (1.9 KB)
Extracting: H:\sources\dlmanifests\microsoft-windows-errorreportingfaults-dl.man (1.1 KB)
Extracting: H:\sources\dlmanifests\microsoft-windows-fax-client-applications-dl.man (3.7 KB)
Extracting: H:\sources\dlmanifests\microsoft-windows-fax-client-proenterprise-dl.man (1.8 KB)
Extracting: H:\sources\dlmanifests\microsoft-windows-fax-common-dl.man (4.7 KB)
Extracting: H:\sources\dlmanifests\microsoft-windows-fax-server-dl.man (1.8 KB)
Extracting: H:\sources\dlmanifests\microsoft-windows-fax-service-dl.man (7.5 KB)
Extracting: H:\sources\dlmanifests\microsoft-windows-htmlhelp-dl.man (1.7 KB)
Extracting: H:\sources\dlmanifests\microsoft-windows-iasserver-migplugin\iasmigplugin.dll (752.3 KB)
Extracting: H:\sources\dlmanifests\microsoft-windows-iasserver-migplugin\iasmigreader.exe (496.8 KB)
Extracting: H:\sources\dlmanifests\microsoft-windows-ie-clientnetworkprotocolimplementation-migration\wininetplugin.dll (36.3 KB)
Extracting: H:\sources\dlmanifests\microsoft-windows-ie-esc-dl.man (1.9 KB)
Extracting: H:\sources\dlmanifests\microsoft-windows-ie-feeds-platform-dl.man (2.3 KB)
Extracting: H:\sources\dlmanifests\microsoft-windows-ie-internetexplorer-dl.man (13.0 KB)
Extracting: H:\sources\dlmanifests\microsoft-windows-iis-corewebengine-deployment-dl.man (1.4 KB)
Extracting: H:\sources\dlmanifests\microsoft-windows-internet-naming-service-runtime\winsplgn.dll (76.3 KB)
Extracting: H:\sources\dlmanifests\microsoft-windows-msmq-messagingcoreservice\mqmigplugin.dll (176.3 KB)
Extracting: H:\sources\dlmanifests\microsoft-windows-netfx35-dl.man (8.8 KB)
Extracting: H:\sources\dlmanifests\microsoft-windows-netfx35cdfcomp-dl.man (1.2 KB)
Extracting: H:\sources\dlmanifests\microsoft-windows-netfxcorecomp-dl.man (44.1 KB)
Extracting: H:\sources\dlmanifests\microsoft-windows-networkbridge\bridgemigplugin.dll (132.3 KB)
Extracting: H:\sources\dlmanifests\microsoft-windows-networkloadbalancing-core\nlbmigplugin.dll (136.3 KB)
Extracting: H:\sources\dlmanifests\microsoft-windows-rasconnectionmanager\cmmigr.dll (96.3 KB)
Extracting: H:\sources\dlmanifests\microsoft-windows-rasserver-migplugin\rasmigplugin.dll (408.3 KB)
Extracting: H:\sources\dlmanifests\microsoft-windows-storagemigration-dl.man (8.0 KB)
Extracting: H:\sources\dlmanifests\microsoft-windows-tapisetup\tapimigplugin.dll (92.3 KB)
Extracting: H:\sources\dlmanifests\microsoft-windows-tapisetup-dl.man (2.5 KB)
Extracting: H:\sources\dlmanifests\microsoft-windows-terminalservices-clientactivexcore-dl.man (1.3 KB)
Extracting: H:\sources\dlmanifests\microsoft-windows-terminalservices-licenseserver\tlsmigplugin.dll (136.3 KB)
Extracting: H:\sources\dlmanifests\microsoft-windows-textservicesframework-migration-dl\chxmig.dll (164.3 KB)
Extracting: H:\sources\dlmanifests\microsoft-windows-textservicesframework-migration-dl\imjpmig.dll (208.3 KB)
Extracting: H:\sources\dlmanifests\microsoft-windows-textservicesframework-migration-dl\imkrmig.dll (136.3 KB)
Extracting: H:\sources\dlmanifests\microsoft-windows-textservicesframework-migration-dl\msctfmig.dll (160.3 KB)
Extracting: H:\sources\dlmanifests\microsoft-windows-textservicesframework-migration-dl\tabletextservicemig.dll (104.3 KB)
Extracting: H:\sources\dlmanifests\microsoft-windows-unimodem-config\modemmigplugin.dll (116.3 KB)
Extracting: H:\sources\dlmanifests\microsoft-windows-wab-dl.man (2.5 KB)
Extracting: H:\sources\dlmanifests\microsoft-windows-wcfcorecomp-dl.man (4.8 KB)
Extracting: H:\sources\dlmanifests\microsoft-windows-winsock-core-infrastructure-upgrade\wsupgrade.dll (236.3 KB)
Extracting: H:\sources\dlmanifests\microsoft-windows-wmi-core\wmimigrationplugin.dll (692.3 KB)
Extracting: H:\sources\dlmanifests\microsoft.windows.com.base-dl.man (1.8 KB)
Extracting: H:\sources\dlmanifests\microsoft.windows.com.complus.setup.dl.man (2.3 KB)
Extracting: H:\sources\dlmanifests\msmq-dcom-dl.man (1.7 KB)
Extracting: H:\sources\dlmanifests\msmq-domain-ic-dl.man (1.5 KB)
Extracting: H:\sources\dlmanifests\msmq-http-dl.man (2.2 KB)
Extracting: H:\sources\dlmanifests\msmq-messagingcoreservice-dl.man (6.6 KB)
Extracting: H:\sources\dlmanifests\msmq-multicast-dl.man (1.5 KB)
Extracting: H:\sources\dlmanifests\msmq-routing-dl.man (1.4 KB)
Extracting: H:\sources\dlmanifests\msmq-triggers-dl.man (1.7 KB)
Extracting: H:\sources\dlmanifests\mup-dl.man (1.5 KB)
Extracting: H:\sources\dlmanifests\netfx-wcf-http-activation-dl.man (1.2 KB)
Extracting: H:\sources\dlmanifests\netfx-wcf-msmqactivation-registration-dl.man (1.6 KB)
Extracting: H:\sources\dlmanifests\netfx-wcf-pipeactivation-registration-dl.man (1.6 KB)
Extracting: H:\sources\dlmanifests\netfx-wcf-tcpactivation-registration-dl.man (1.6 KB)
Extracting: H:\sources\dlmanifests\netfx-wcf-tcpportsharing-dl.man (1.1 KB)
Extracting: H:\sources\dlmanifests\netfx3-dl.man (1.4 KB)
Extracting: H:\sources\dlmanifests\netfx4-wcf-client-dl.man (1.5 KB)
Extracting: H:\sources\dlmanifests\netfx4-wcf-extended-dl.man (1.4 KB)
Extracting: H:\sources\dlmanifests\netfx4clientcorecomp-dl.man (15.5 KB)
Extracting: H:\sources\dlmanifests\netlogon-dl.man (2 KB)
Extracting: H:\sources\dlmanifests\networking-mpssvc-svc\icfupgd.dll (164.3 KB)
Extracting: H:\sources\dlmanifests\ntfs-dl.man (4.0 KB)
Extracting: H:\sources\dlmanifests\ntoskrnl-dl.man (7.8 KB)
Extracting: H:\sources\dlmanifests\odbc32dll-dl.man (4.7 KB)
Extracting: H:\sources\dlmanifests\partmgr-dl.man (1 KB)
Extracting: H:\sources\dlmanifests\printing-spooler-core-dl.man (2.5 KB)
Extracting: H:\sources\dlmanifests\printing-spooler-networkclient-dl.man (2.2 KB)
Extracting: H:\sources\dlmanifests\rights-management-client-v1-api-dl.man (3.2 KB)
Extracting: H:\sources\dlmanifests\rights-management-services-server-dl.man (3.2 KB)
Extracting: H:\sources\dlmanifests\rpc-http-dl.man (1.6 KB)
Extracting: H:\sources\dlmanifests\rpc-http_proxy-dl.man (1.4 KB)
Extracting: H:\sources\dlmanifests\rpc-local-dl.man (1.8 KB)
Extracting: H:\sources\dlmanifests\rpc-remote-dl.man (1.9 KB)
Extracting: H:\sources\dlmanifests\schannel-dl.man (1.4 KB)
Extracting: H:\sources\dlmanifests\schedsvc-dl.man (1.9 KB)
Extracting: H:\sources\dlmanifests\security-digest-dl.man (803 bytes)
Extracting: H:\sources\dlmanifests\security-kerberos-dl.man (803 bytes)
Extracting: H:\sources\dlmanifests\security-ntlm-dl.man (1.4 KB)
Extracting: H:\sources\dlmanifests\security-ntlm-lmc.man (1.1 KB)
Extracting: H:\sources\dlmanifests\shutdown-event-tracker-dl.man (1.3 KB)
Extracting: H:\sources\dlmanifests\smartcardsubsystem-dl.man (3.7 KB)
Extracting: H:\sources\dlmanifests\smbserver-dl.man (13.7 KB)
Extracting: H:\sources\dlmanifests\smss-dl.man (1.7 KB)
Extracting: H:\sources\dlmanifests\smtpsvc-admin-dl.man (1.1 KB)
Extracting: H:\sources\dlmanifests\smtpsvc-service-dl.man (1.2 KB)
Extracting: H:\sources\dlmanifests\speechcommon-dl.man (2.8 KB)
Extracting: H:\sources\dlmanifests\tabletpc-tabbtn-dl.man (1.7 KB)
Extracting: H:\sources\dlmanifests\tabletpcinputpanel-dl.man (1.4 KB)
Extracting: H:\sources\dlmanifests\tabletpcjournal-dl.man (8.5 KB)
Extracting: H:\sources\dlmanifests\tabletpcplatforminput-core-dl.man (1.1 KB)
Extracting: H:\sources\dlmanifests\terminalservices-appserver-dl.man (1.5 KB)
Extracting: H:\sources\dlmanifests\terminalservices-appserver-licensing-dl.man (1.3 KB)
Extracting: H:\sources\dlmanifests\terminalservices-drivers-dl.man (1.1 KB)
Extracting: H:\sources\dlmanifests\terminalservices-licenseserver-dl.man (2.2 KB)
Extracting: H:\sources\dlmanifests\terminalservices-localsessionmanager-dl.man (1.4 KB)
Extracting: H:\sources\dlmanifests\terminalservices-rdp-winstationextensions-dl.man (20.4 KB)
Extracting: H:\sources\dlmanifests\terminalservices-remoteconnectionmanager-dl.man (1.4 KB)
Extracting: H:\sources\dlmanifests\terminalservices-sessiondirectory-client-dl.man (2.2 KB)
Extracting: H:\sources\dlmanifests\terminalservices-sessiondirectory-server-dl.man (2.4 KB)
Extracting: H:\sources\dlmanifests\terminalservices-terminalservicesclient-dl.man (1.9 KB)
Extracting: H:\sources\dlmanifests\textservicesframework-migration-dl.man (2.8 KB)
Extracting: H:\sources\dlmanifests\video-tvvideocontrol-dl.man (2.0 KB)
Extracting: H:\sources\dlmanifests\volsnap-dl.man (1 KB)
Extracting: H:\sources\dlmanifests\wcf-http-activation-dl.man (2.0 KB)
Extracting: H:\sources\dlmanifests\wcf-http-activation-postapply-dl.man (1.4 KB)
Extracting: H:\sources\dlmanifests\wcf-nonhttp-activation-dl.man (1.4 KB)
Extracting: H:\sources\dlmanifests\web-services-for-management-core-dl.man (1.9 KB)
Extracting: H:\sources\dlmanifests\webenroll-dl.man (1.6 KB)
Extracting: H:\sources\dlmanifests\win32k-settings-dl.man (12.2 KB)
Extracting: H:\sources\dlmanifests\windowssearchengine-dl.man (5.8 KB)
Extracting: H:\sources\dlmanifests\winlogon-dl.man (2.8 KB)
Extracting: H:\sources\dlmanifests\wmi-core-dl.man (2.3 KB)
Extracting: H:\sources\dlmanifests\workstationservice-dl.man (1.8 KB)
Extracting: H:\sources\du.dll (184.3 KB)
Extracting: H:\sources\en-gb\acres.dll.mui (317 KB)
Extracting: H:\sources\en-gb\actionqueue.dll.mui (3.5 KB)
Extracting: H:\sources\en-gb\appraiser.dll.mui (3.5 KB)
Extracting: H:\sources\en-gb\appraiserwc.dll.mui (3.5 KB)
Extracting: H:\sources\en-gb\arunres.dll.mui (5.5 KB)
Extracting: H:\sources\en-gb\cmisetup.dll.mui (4.5 KB)
Extracting: H:\sources\en-gb\compatappraiserresources.dll.mui (7 KB)
Extracting: H:\sources\en-gb\compatctrl.dll.mui (6 KB)
Extracting: H:\sources\en-gb\compatresources.dll.mui (27 KB)
Extracting: H:\sources\en-gb\compres.dll.mui (30 KB)
Extracting: H:\sources\en-gb\credits.htm (1 MB)
Extracting: H:\sources\en-gb\credits.rtf (830.6 KB)
Extracting: H:\sources\en-gb\dism.exe.mui (29.5 KB)
Extracting: H:\sources\en-gb\dismapi.dll.mui (4.5 KB)
Extracting: H:\sources\en-gb\dismcore.dll.mui (7.5 KB)
Extracting: H:\sources\en-gb\dismprov.dll.mui (2.5 KB)
Extracting: H:\sources\en-gb\erofflps.txt (276 bytes)
Extracting: H:\sources\en-gb\folderprovider.dll.mui (2.5 KB)
Extracting: H:\sources\en-gb\imagingprovider.dll.mui (18 KB)
Extracting: H:\sources\en-gb\input.dll.mui (24.5 KB)
Extracting: H:\sources\en-gb\logprovider.dll.mui (6 KB)
Extracting: H:\sources\en-gb\mediasetupuimgr.dll.mui (56.5 KB)
Extracting: H:\sources\en-gb\migres.dll.mui (7.5 KB)
Extracting: H:\sources\en-gb\nlsbres.dll.mui (64 KB)
Extracting: H:\sources\en-gb\oobe_help_opt_in_details.rtf (26.7 KB)
Extracting: H:\sources\en-gb\pnpibs.dll.mui (5 KB)
Extracting: H:\sources\en-gb\privacy.rtf (830 bytes)
Extracting: H:\sources\en-gb\reagent.adml (1.8 KB)
Extracting: H:\sources\en-gb\reagent.dll.mui (10.5 KB)
Extracting: H:\sources\en-gb\rollback.exe.mui (4.5 KB)
Extracting: H:\sources\en-gb\setup.exe.mui (18 KB)
Extracting: H:\sources\en-gb\setupcompat.dll.mui (3 KB)
Extracting: H:\sources\en-gb\setupcore.dll.mui (18.5 KB)
Extracting: H:\sources\en-gb\setuperror.exe.mui (3.5 KB)
Extracting: H:\sources\en-gb\setupmgr.dll.mui (2.5 KB)
Extracting: H:\sources\en-gb\setupplatform.exe.mui (12.8 KB)
Extracting: H:\sources\en-gb\setupprep.exe.mui (25.5 KB)
Extracting: H:\sources\en-gb\smiengine.dll.mui (12 KB)
Extracting: H:\sources\en-gb\spwizres.dll.mui (8 KB)
Extracting: H:\sources\en-gb\upgloader.dll.mui (4.5 KB)
Extracting: H:\sources\en-gb\uxlibres.dll.mui (3 KB)
Extracting: H:\sources\en-gb\vhdprovider.dll.mui (7 KB)
Extracting: H:\sources\en-gb\vofflps.rtf (828 bytes)
Extracting: H:\sources\en-gb\w32uires.dll.mui (201 KB)
Extracting: H:\sources\en-gb\wdsclient.dll.mui (7.5 KB)
Extracting: H:\sources\en-gb\wdsimage.dll.mui (6 KB)
Extracting: H:\sources\en-gb\wimgapi.dll.mui (16 KB)
Extracting: H:\sources\en-gb\wimprovider.dll.mui (27 KB)
Extracting: H:\sources\en-gb\windlp.dll.mui (5.5 KB)
Extracting: H:\sources\en-gb\winsetup.dll.mui (52 KB)
Extracting: H:\sources\etwproviders\actionqueueetw.dll (20.5 KB)
Extracting: H:\sources\etwproviders\auditetw.dll (24.5 KB)
Extracting: H:\sources\etwproviders\cmisetupetw.dll (24.5 KB)
Extracting: H:\sources\etwproviders\en-gb\actionqueueetw.dll.mui (3.5 KB)
Extracting: H:\sources\etwproviders\etwproviderinstall.vbs (6.7 KB)
Extracting: H:\sources\etwproviders\oobeldretw.dll (24.5 KB)
Extracting: H:\sources\etwproviders\setupcletw.dll (28.5 KB)
Extracting: H:\sources\etwproviders\setupetw.dll (28.3 KB)
Extracting: H:\sources\etwproviders\setupugcetw.dll (24.5 KB)
Extracting: H:\sources\etwproviders\sysprepetw.dll (28.5 KB)
Extracting: H:\sources\etwproviders\windeployetw.dll (24.5 KB)
Extracting: H:\sources\etwproviders\winsetupetw.dll (72.5 KB)
Extracting: H:\sources\eu-es\compatresources.dll.mui (29 KB)
Extracting: H:\sources\eu-es\mediasetupuimgr.dll.mui (56.5 KB)
Extracting: H:\sources\facilitator.dll (1 MB)
Extracting: H:\sources\folderprovider.dll (92.3 KB)
Extracting: H:\sources\gatherosstate.exe (1.4 MB)
Extracting: H:\sources\generaltel.dll (572.3 KB)
Extracting: H:\sources\gl-es\compatresources.dll.mui (29 KB)
Extracting: H:\sources\gl-es\mediasetupuimgr.dll.mui (56.5 KB)
Extracting: H:\sources\hwcompat.dll (244.3 KB)
Extracting: H:\sources\hwcompat.txt (769.3 KB)
Extracting: H:\sources\hwcompatPE.txt (257 bytes)
Extracting: H:\sources\hwexclude.txt (51 bytes)
Extracting: H:\sources\hwexcludePE.txt (15 bytes)
Extracting: H:\sources\hypervcomplcheck.dll (224.5 KB)
Extracting: H:\sources\iasmigplugin.dll (752.3 KB)
Extracting: H:\sources\icbexclusion.inf (7.1 KB)
Extracting: H:\sources\id-id\compatresources.dll.mui (28 KB)
Extracting: H:\sources\id-id\mediasetupuimgr.dll.mui (56.5 KB)
Extracting: H:\sources\idwbinfo.txt (122 bytes)
Extracting: H:\sources\iiscomp.dll (40.5 KB)
Extracting: H:\sources\imagelib.dll (924.3 KB)
Extracting: H:\sources\imagingprovider.dll (248.3 KB)
Extracting: H:\sources\inf\setup.cfg (3.5 KB)
Extracting: H:\sources\input.dll (380.3 KB)
Extracting: H:\sources\install.wim (4.5 GB)
Extracting: H:\sources\itgtupg.dll (104.5 KB)
Extracting: H:\sources\lang.ini (78 bytes)
Extracting: H:\sources\locale.nls (821.5 KB)
Extracting: H:\sources\logprovider.dll (180.3 KB)
Extracting: H:\sources\mediasetupuimgr.dll (1.1 MB)
Extracting: H:\sources\migapp.xml (639.2 KB)
Extracting: H:\sources\migcore.dll (9.3 MB)
Extracting: H:\sources\mighost.exe (272.3 KB)
Extracting: H:\sources\migisol.dll (144.3 KB)
Extracting: H:\sources\migration\wtr\adminpack_en-us.inf (651 bytes)
Extracting: H:\sources\migration\wtr\adminpack_en-us_noloc.inf (414 bytes)
Extracting: H:\sources\migration\wtr\appmanwtr.inf (16.8 KB)
Extracting: H:\sources\migration\wtr\browserchoice_win7.inf (7 KB)
Extracting: H:\sources\migration\wtr\browserchoice_win8.inf (1.6 KB)
Extracting: H:\sources\migration\wtr\compattelemetry.inf (1.5 KB)
Extracting: H:\sources\migration\wtr\ftp_7.0.inf (1.6 KB)
Extracting: H:\sources\migration\wtr\ftp_7.5_en-us_noloc.inf (2.1 KB)
Extracting: H:\sources\migration\wtr\ftp_7.5_loc.inf (2.7 KB)
Extracting: H:\sources\migration\wtr\gwxmig.inf (1.1 KB)
Extracting: H:\sources\migration\wtr\powershell_en-us_noloc.inf (1002 bytes)
Extracting: H:\sources\migration\wtr\powershell_loc.inf (2.5 KB)
Extracting: H:\sources\migration\wtr\standardcollector.inf (486 bytes)
Extracting: H:\sources\migration\wtr\unpmig.inf (9.8 KB)
Extracting: H:\sources\migration\wtr\webdav_7.0.inf (724 bytes)
Extracting: H:\sources\migration\wtr\webdav_7.5_en-us_noloc.inf (961 bytes)
Extracting: H:\sources\migration\wtr\webdav_7.5_loc.inf (1.2 KB)
Extracting: H:\sources\migres.dll (24.3 KB)
Extracting: H:\sources\migstore.dll (1.3 MB)
Extracting: H:\sources\migsys.dll (444.3 KB)
Extracting: H:\sources\migtestplugin.dll (68.5 KB)
Extracting: H:\sources\mitigation.dll (328.3 KB)
Extracting: H:\sources\mxeagent.dll (364.3 KB)
Extracting: H:\sources\nlsbres.dll (100.3 KB)
Extracting: H:\sources\ntdsupg.dll (48.5 KB)
Extracting: H:\sources\ntfrsupg.dll (68.5 KB)
Extracting: H:\sources\nxquery.inf (1.4 KB)
Extracting: H:\sources\nxquery.sys (52.5 KB)
Extracting: H:\sources\offline.xml (40.6 KB)
Extracting: H:\sources\offlineprofileutils.dll (232.3 KB)
Extracting: H:\sources\oscomps.woa.xml (243.3 KB)
Extracting: H:\sources\oscomps.xml (437.5 KB)
Extracting: H:\sources\osfilter.inf (20.8 KB)
Extracting: H:\sources\outofbox_windows_db.bin (4.7 KB)
Extracting: H:\sources\pnpibs.dll (92.3 KB)
Extracting: H:\sources\pnppropmig.dll (100.3 KB)
Extracting: H:\sources\rdsupgcheck.dll (44.3 KB)
Extracting: H:\sources\reagent.admx (1.2 KB)
Extracting: H:\sources\reagent.dll (584.3 KB)
Extracting: H:\sources\reagent.xml (837 bytes)
Extracting: H:\sources\replacementmanifests\activedirectory-webservices-replacement.man (1.7 KB)
Extracting: H:\sources\replacementmanifests\adsi-router-replacement.man (1.9 KB)
Extracting: H:\sources\replacementmanifests\application-experience-program-compatibility-assistant-replacement.man (11.7 KB)
Extracting: H:\sources\replacementmanifests\appmanmigration-replacement.man (2.1 KB)
Extracting: H:\sources\replacementmanifests\appxalluserstore-replacement.man (2.0 KB)
Extracting: H:\sources\replacementmanifests\appxdeploymentserver-replacement.man (9.6 KB)
Extracting: H:\sources\replacementmanifests\audiommecore-mm-other-migration-replacement.man (1.3 KB)
Extracting: H:\sources\replacementmanifests\authui-migration-replacement.man (8 KB)
Extracting: H:\sources\replacementmanifests\authui-migration-win8-replacement.man (10.9 KB)
Extracting: H:\sources\replacementmanifests\azshci-service-migration-replacement.man (862 bytes)
Extracting: H:\sources\replacementmanifests\bisrv-replacement.man (1.5 KB)
Extracting: H:\sources\replacementmanifests\capi2_certs-repl.man (12.7 KB)
Extracting: H:\sources\replacementmanifests\certificateenrollment-replacement.man (976 bytes)
Extracting: H:\sources\replacementmanifests\cliplicensemigration-replacement.man (3.7 KB)
Extracting: H:\sources\replacementmanifests\cloudapreplacement.man (1.7 KB)
Extracting: H:\sources\replacementmanifests\cloudexperiencehostonecore-replacement.man (967 bytes)
Extracting: H:\sources\replacementmanifests\codeintegrity-repl.man (2.4 KB)
Extracting: H:\sources\replacementmanifests\commandprompt-win7-replacement.man (2.7 KB)
Extracting: H:\sources\replacementmanifests\commandprompt-win8-replacement.man (11.4 KB)
Extracting: H:\sources\replacementmanifests\contentdeliverymanager.utilities-replacement.man (7.3 KB)
Extracting: H:\sources\replacementmanifests\coremmres-replacement.man (1.1 KB)
Extracting: H:\sources\replacementmanifests\coreos-repl.man (1.6 KB)
Extracting: H:\sources\replacementmanifests\credential-manager-replacement.man (4.8 KB)
Extracting: H:\sources\replacementmanifests\crypto_keys-repl.man (2.8 KB)
Extracting: H:\sources\replacementmanifests\dataintegrityscan-replacement.man (1.2 KB)
Extracting: H:\sources\replacementmanifests\dcb-repl.man (734 bytes)
Extracting: H:\sources\replacementmanifests\desktopux-replacement.man (5.2 KB)
Extracting: H:\sources\replacementmanifests\deviceassociationframework-replacement.man (1.5 KB)
Extracting: H:\sources\replacementmanifests\devicedirectory-devicedirectoryclient-desktop-replacement.man (1.2 KB)
Extracting: H:\sources\replacementmanifests\deviceregistration-replacement.man (1 KB)
Extracting: H:\sources\replacementmanifests\dhcpclientdll-repl.man (4.1 KB)
Extracting: H:\sources\replacementmanifests\dhcpserver-tools-replacement.man (636 bytes)
Extracting: H:\sources\replacementmanifests\dhcpservermigplugin-rep.man (12.5 KB)
Extracting: H:\sources\replacementmanifests\dhcpservermigpluginwin8-replacement.man (6.0 KB)
Extracting: H:\sources\replacementmanifests\directaccessservermanagement-repl.man (1.2 KB)
Extracting: H:\sources\replacementmanifests\directoryservices-adam-client-replacement.man (1 KB)
Extracting: H:\sources\replacementmanifests\directoryservices-adam-tools-replacement.man (664 bytes)
Extracting: H:\sources\replacementmanifests\directoryservices-administrativecenter-replacement.man (666 bytes)
Extracting: H:\sources\replacementmanifests\directoryservices-domaincontroller-servercoreupg-replacement.man (1.2 KB)
Extracting: H:\sources\replacementmanifests\directoryservices-domaincontroller-tools-replacement.man (682 bytes)
Extracting: H:\sources\replacementmanifests\directoryservices-sm-plugin.registration-replacement.man (1.6 KB)
Extracting: H:\sources\replacementmanifests\displayconfigsettings_win7update.man (2.2 KB)
Extracting: H:\sources\replacementmanifests\dmrcwin7replacement.man (917 bytes)
Extracting: H:\sources\replacementmanifests\dns-client-mw-replacement.man (7.5 KB)
Extracting: H:\sources\replacementmanifests\dns-client-replacement.man (2.2 KB)
Extracting: H:\sources\replacementmanifests\dns-server-role-replacement.man (802 bytes)
Extracting: H:\sources\replacementmanifests\dns-server-tools-replacement.man (634 bytes)
Extracting: H:\sources\replacementmanifests\dpapi_keys-repl.man (4.2 KB)
Extracting: H:\sources\replacementmanifests\dsreg-replacement.man (1.5 KB)
Extracting: H:\sources\replacementmanifests\edgemigrationplugin.man (923 bytes)
Extracting: H:\sources\replacementmanifests\edpnotify-replacement.man (830 bytes)
Extracting: H:\sources\replacementmanifests\elam-replacement.man (1016 bytes)
Extracting: H:\sources\replacementmanifests\etw-core-replacement.man (1.4 KB)
Extracting: H:\sources\replacementmanifests\eudcedit-replacement.man (2 KB)
Extracting: H:\sources\replacementmanifests\explorer-repl.man (4.2 KB)
Extracting: H:\sources\replacementmanifests\extensibleauthenticationprotocolhostservice-rep.man (2.9 KB)
Extracting: H:\sources\replacementmanifests\failovercluster-core-wow64-rm.man (929 bytes)
Extracting: H:\sources\replacementmanifests\failovercluster-updating-powershellcore-replacement.man (3.3 KB)
Extracting: H:\sources\replacementmanifests\feclient-replacement-th.man (1017 bytes)
Extracting: H:\sources\replacementmanifests\fidocredprov_dll_repl.man (1.5 KB)
Extracting: H:\sources\replacementmanifests\fileserver-replacement.man (1.3 KB)
Extracting: H:\sources\replacementmanifests\font-truetype-fontsregistrysettingsmigration-replacement.man (99.0 KB)
Extracting: H:\sources\replacementmanifests\fonts-type1-replacement.man (1.4 KB)
Extracting: H:\sources\replacementmanifests\fundisc-replacement.man (1.4 KB)
Extracting: H:\sources\replacementmanifests\fveapi-replacement.man (1.1 KB)
Extracting: H:\sources\replacementmanifests\gatewayservice-replacement.man (1.6 KB)
Extracting: H:\sources\replacementmanifests\gpbase-replacement.man (9.9 KB)
Extracting: H:\sources\replacementmanifests\gpiobuttons-replacement.man (1.2 KB)
Extracting: H:\sources\replacementmanifests\hal-repl.man (1.2 KB)
Extracting: H:\sources\replacementmanifests\helpandsupport-replacement.man (1 KB)
Extracting: H:\sources\replacementmanifests\http-replacement.man (942 bytes)
Extracting: H:\sources\replacementmanifests\hwvid-migration-2\hwvidmigplugin.dll (96.3 KB)
Extracting: H:\sources\replacementmanifests\hwvid-migration-replacement-2.man (1 KB)
Extracting: H:\sources\replacementmanifests\hyperv-compute-host-service-replacement.man (1.8 KB)
Extracting: H:\sources\replacementmanifests\iasruntime-repl.man (6.3 KB)
Extracting: H:\sources\replacementmanifests\identityserver-migration-replacement.man (1.4 KB)
Extracting: H:\sources\replacementmanifests\identityserver-proxymigration-replacement.man (1.9 KB)
Extracting: H:\sources\replacementmanifests\identitystore-replacement.man (1.2 KB)
Extracting: H:\sources\replacementmanifests\iis-adminservice-rm.man (970 bytes)
Extracting: H:\sources\replacementmanifests\iis-appwarmup-rm.man (1 KB)
Extracting: H:\sources\replacementmanifests\iis-ftpsvc-rm.man (967 bytes)
Extracting: H:\sources\replacementmanifests\iis-managementconsole-rm.man (743 bytes)
Extracting: H:\sources\replacementmanifests\iis-sharedlibraries-rm.man (1.8 KB)
Extracting: H:\sources\replacementmanifests\iis-w3logsvc-rm.man (1.3 KB)
Extracting: H:\sources\replacementmanifests\iis-w3svc-rm.man (1.3 KB)
Extracting: H:\sources\replacementmanifests\ime-eashared-migration-replacement.man (1.5 KB)
Extracting: H:\sources\replacementmanifests\international-core-replacement.man (4.8 KB)
Extracting: H:\sources\replacementmanifests\international-timezones-replacement.man (3.5 KB)
Extracting: H:\sources\replacementmanifests\internet-naming-service-runtime-rep.man (4.6 KB)
Extracting: H:\sources\replacementmanifests\internet-naming-tools-replacement.man (640 bytes)
Extracting: H:\sources\replacementmanifests\ipv4ipv6coexistencemigration-net-replacement.man (3.7 KB)
Extracting: H:\sources\replacementmanifests\kernel-pnp-repl.man (1.3 KB)
Extracting: H:\sources\replacementmanifests\kernel-server-replacement.man (1.3 KB)
Extracting: H:\sources\replacementmanifests\kernel32-replacement.man (896 bytes)
Extracting: H:\sources\replacementmanifests\kernel32-server-replacement.man (657 bytes)
Extracting: H:\sources\replacementmanifests\keyboardfilter-replacement.man (1.1 KB)
Extracting: H:\sources\replacementmanifests\ldap-client-replacement.man (1.2 KB)
Extracting: H:\sources\replacementmanifests\legacy-sapi-repl.man (4.7 KB)
Extracting: H:\sources\replacementmanifests\mdm_migration-replacement.man (25.0 KB)
Extracting: H:\sources\replacementmanifests\media-settings-migration-replacement.man (993 bytes)
Extracting: H:\sources\replacementmanifests\mfmpeg2srcsnk-migration-replacement.man (1 KB)
Extracting: H:\sources\replacementmanifests\mfplat-migration-replacement.man (2.8 KB)
Extracting: H:\sources\replacementmanifests\mfsrcsnk-migration-replacement.man (1.1 KB)
Extracting: H:\sources\replacementmanifests\microsoft-activedirectory-powershell-replacement.man (703 bytes)
Extracting: H:\sources\replacementmanifests\microsoft-activedirectory-webservices\adwsmigrate.dll (116.3 KB)
Extracting: H:\sources\replacementmanifests\microsoft-azurestack-hci-plugin\azshcimigplugin.dll (108.3 KB)
Extracting: H:\sources\replacementmanifests\microsoft-certificateauthority-enrollment-serverupgrade-replacement.man (1.9 KB)
Extracting: H:\sources\replacementmanifests\microsoft-certificateservices-ca-serverupgrade-replacement.man (2 KB)
Extracting: H:\sources\replacementmanifests\microsoft-certificateservices-mscep-serverupgrade-replacement.man (2.0 KB)
Extracting: H:\sources\replacementmanifests\microsoft-certificateservices-ocsp-serverupgrade-replacement.man (1.9 KB)
Extracting: H:\sources\replacementmanifests\microsoft-certificateservices-policy-serverupgrade-replacement.man (1.9 KB)
Extracting: H:\sources\replacementmanifests\microsoft-certificateservices-webenrollment-serverupgrade-replacement.man (2 KB)
Extracting: H:\sources\replacementmanifests\microsoft-client-license-platform-service-migration\clipmigplugin.dll (264.3 KB)
Extracting: H:\sources\replacementmanifests\microsoft-edge-migration-plugin\edgemigrationplugin.dll (152.3 KB)
Extracting: H:\sources\replacementmanifests\microsoft-hyper-v-client-migration-replacement.man (1.3 KB)
Extracting: H:\sources\replacementmanifests\microsoft-hyper-v-drivers-migration-replacement.man (634 bytes)
Extracting: H:\sources\replacementmanifests\microsoft-hyper-v-migration-replacement.man (5.8 KB)
Extracting: H:\sources\replacementmanifests\microsoft-onecore-tiledatarepository\tilestoremigrationplugin.dll (148.3 KB)
Extracting: H:\sources\replacementmanifests\microsoft-onecore-tiledatarepository-replacement.man (918 bytes)
Extracting: H:\sources\replacementmanifests\microsoft-windows-advertisingid-replacement.man (1.2 KB)
Extracting: H:\sources\replacementmanifests\microsoft-windows-appmanagement-migration\appmanmigrationplugin.dll (1.1 MB)
Extracting: H:\sources\replacementmanifests\microsoft-windows-appx-deployment-server\appxprovisioning.xml (20.5 KB)
Extracting: H:\sources\replacementmanifests\microsoft-windows-appx-deployment-server\appxupgrademigrationplugin.dll (472.3 KB)
Extracting: H:\sources\replacementmanifests\microsoft-windows-appx-deployment-server\microsoft.windows.secondarytileexperience_10.0.0.0_neutral__cw5n1h2txyewy.xml (1.7 KB)
Extracting: H:\sources\replacementmanifests\microsoft-windows-appx-deployment-server\windows.miracastview_6.3.0.0_neutral_neutral_cw5n1h2txyewy.xml (1.5 KB)
Extracting: H:\sources\replacementmanifests\microsoft-windows-audio-mmecore-other\audmigplugin.dll (116.3 KB)
Extracting: H:\sources\replacementmanifests\microsoft-windows-com-complus-setup\commig.dll (188.3 KB)
Extracting: H:\sources\replacementmanifests\microsoft-windows-container-manager-replacement.man (963 bytes)
Extracting: H:\sources\replacementmanifests\microsoft-windows-credentialmanagementrole-replacement.man (1.9 KB)
Extracting: H:\sources\replacementmanifests\microsoft-windows-credentialmanagementrole-tools-replacement.man (1.3 KB)
Extracting: H:\sources\replacementmanifests\microsoft-windows-deployment-services-admin-pack-replacement.man (672 bytes)
Extracting: H:\sources\replacementmanifests\microsoft-windows-deviceaccess-replacement.man (1.4 KB)
Extracting: H:\sources\replacementmanifests\microsoft-windows-deviceassociationframeworkmigration\dafmigplugin.dll (320.3 KB)
Extracting: H:\sources\replacementmanifests\microsoft-windows-directoryservices-adam-client\adammigrate.dll (144.3 KB)
Extracting: H:\sources\replacementmanifests\microsoft-windows-enterprisemgmt-replacement.man (1.4 KB)
Extracting: H:\sources\replacementmanifests\microsoft-windows-errorreportingcore-replacement.man (17.7 KB)
Extracting: H:\sources\replacementmanifests\microsoft-windows-errorreportingfaults-replacement.man (1.3 KB)
Extracting: H:\sources\replacementmanifests\microsoft-windows-failovercluster-adminpak-replacement.man (657 bytes)
Extracting: H:\sources\replacementmanifests\microsoft-windows-familysafety-refreshtask-replacement.man (1.7 KB)
Extracting: H:\sources\replacementmanifests\microsoft-windows-fax-service-replacement.man (3.9 KB)
Extracting: H:\sources\replacementmanifests\microsoft-windows-feedback-service-replacement.man (1.4 KB)
Extracting: H:\sources\replacementmanifests\microsoft-windows-flighting-settings.replacement.man (5.0 KB)
Extracting: H:\sources\replacementmanifests\microsoft-windows-geolocation-replacement.man (1.8 KB)
Extracting: H:\sources\replacementmanifests\microsoft-windows-identity-foundation-migration-replacement.man (2.1 KB)
Extracting: H:\sources\replacementmanifests\microsoft-windows-ie-adminkitbranding-repl.man (4.1 KB)
Extracting: H:\sources\replacementmanifests\microsoft-windows-ie-clientnetworkprotocolimplementation-repl.man (19.1 KB)
Extracting: H:\sources\replacementmanifests\microsoft-windows-ie-internetexplorer-repl-2.man (19.5 KB)
Extracting: H:\sources\replacementmanifests\microsoft-windows-ie-internetexplorer-repl.man (16.5 KB)
Extracting: H:\sources\replacementmanifests\microsoft-windows-ie-pdm-replacement.man (2.8 KB)
Extracting: H:\sources\replacementmanifests\microsoft-windows-iis-rm\iismig.dll (392.3 KB)
Extracting: H:\sources\replacementmanifests\microsoft-windows-ime-traditional-chinese-core-replacement.man (9.0 KB)
Extracting: H:\sources\replacementmanifests\microsoft-windows-mapscontrol-migration\mapsmigplugin.dll (124.3 KB)
Extracting: H:\sources\replacementmanifests\microsoft-windows-mup\mupmigplugin.dll (132.3 KB)
Extracting: H:\sources\replacementmanifests\microsoft-windows-netfx35cdfcomp-replacement.man (911 bytes)
Extracting: H:\sources\replacementmanifests\microsoft-windows-netfxcorecomp-repl.man (44.7 KB)
Extracting: H:\sources\replacementmanifests\microsoft-windows-network-setup\netsetupapi.dll (168.3 KB)
Extracting: H:\sources\replacementmanifests\microsoft-windows-network-setup\netsetupengine.dll (848.3 KB)
Extracting: H:\sources\replacementmanifests\microsoft-windows-network-setup\networkbindingenginemigplugin.dll (392.3 KB)
Extracting: H:\sources\replacementmanifests\microsoft-windows-network-setup-replacement.man (884 bytes)
Extracting: H:\sources\replacementmanifests\microsoft-windows-networkbridge-replacement.man (744 bytes)
Extracting: H:\sources\replacementmanifests\microsoft-windows-offlinefiles-core\cscmig.dll (160.3 KB)
Extracting: H:\sources\replacementmanifests\microsoft-windows-offlinefiles-core\en-gb\cscmig.dll.mui (3 KB)
Extracting: H:\sources\replacementmanifests\microsoft-windows-offlinefiles-replacement.man (7.9 KB)
Extracting: H:\sources\replacementmanifests\microsoft-windows-parentalcontrolssettings-replacement.man (1.3 KB)
Extracting: H:\sources\replacementmanifests\microsoft-windows-pnpmigration\pnpmig.dll (408.3 KB)
Extracting: H:\sources\replacementmanifests\microsoft-windows-pnpmigration\pnpmig.inf (24.6 KB)
Extracting: H:\sources\replacementmanifests\microsoft-windows-powershell-replacement.man (3.6 KB)
Extracting: H:\sources\replacementmanifests\microsoft-windows-powershell-ws08-replacement.man (1.1 KB)
Extracting: H:\sources\replacementmanifests\microsoft-windows-powershellwebaccess-commands-powershell-migration-replacement.man (874 bytes)
Extracting: H:\sources\replacementmanifests\microsoft-windows-rasapi-mig\pbkmigr.dll (100.3 KB)
Extracting: H:\sources\replacementmanifests\microsoft-windows-rasserver-migplugin\rasmigplugin.dll (408.3 KB)
Extracting: H:\sources\replacementmanifests\microsoft-windows-rmapi-replacement.man (1.7 KB)
Extracting: H:\sources\replacementmanifests\microsoft-windows-securestartup-filterdriver-replacement.man (4.1 KB)
Extracting: H:\sources\replacementmanifests\microsoft-windows-security-ngc-credprov-replacement.man (1.7 KB)
Extracting: H:\sources\replacementmanifests\microsoft-windows-security-ngc-ctnrsvc-repl.man (1.3 KB)
Extracting: H:\sources\replacementmanifests\microsoft-windows-security-ngc-localaccountmigplugin\ngclocalaccountmigplugin.dll (112.3 KB)
Extracting: H:\sources\replacementmanifests\microsoft-windows-servermanager-rsat-featuretools-replacement.man (686 bytes)
Extracting: H:\sources\replacementmanifests\microsoft-windows-servermanager-rsat-replacement.man (659 bytes)
Extracting: H:\sources\replacementmanifests\microsoft-windows-servermanager-rsat-roletools-replacement.man (680 bytes)
Extracting: H:\sources\replacementmanifests\microsoft-windows-servermanager-shell-replacement.man (747 bytes)
Extracting: H:\sources\replacementmanifests\microsoft-windows-services-targetedcontent-replacement.man (839 bytes)
Extracting: H:\sources\replacementmanifests\microsoft-windows-shmig\en-gb\shmig.dll.mui (4 KB)
Extracting: H:\sources\replacementmanifests\microsoft-windows-shmig\shmig.dll (224.3 KB)
Extracting: H:\sources\replacementmanifests\microsoft-windows-slb-mux-replacement.man (1.9 KB)
Extracting: H:\sources\replacementmanifests\microsoft-windows-smb1-replacement.man (932 bytes)
Extracting: H:\sources\replacementmanifests\microsoft-windows-softwareinventorylogging-scheduledtasks-replacement.man (1 KB)
Extracting: H:\sources\replacementmanifests\microsoft-windows-storagemigration-od-replacement.man (1.5 KB)
Extracting: H:\sources\replacementmanifests\microsoft-windows-storagemigration-replacement.man (6.2 KB)
Extracting: H:\sources\replacementmanifests\microsoft-windows-sxs\en-gb\sxsmigplugin.dll.mui (2.5 KB)
Extracting: H:\sources\replacementmanifests\microsoft-windows-sxs\sxsmigplugin.dll (140.3 KB)
Extracting: H:\sources\replacementmanifests\microsoft-windows-sxs-replacement.man (1.5 KB)
Extracting: H:\sources\replacementmanifests\microsoft-windows-tcpip\netiomig.dll (108.3 KB)
Extracting: H:\sources\replacementmanifests\microsoft-windows-terminalservices-appserver-licensing\tsmigplugin.dll (120.3 KB)
Extracting: H:\sources\replacementmanifests\microsoft-windows-terminalservices-licenseserver\tlsrepplugin.dll (136.3 KB)
Extracting: H:\sources\replacementmanifests\microsoft-windows-textservicesframework-migration\chxmig.dll (164.3 KB)
Extracting: H:\sources\replacementmanifests\microsoft-windows-textservicesframework-migration\imjpmig.dll (208.3 KB)
Extracting: H:\sources\replacementmanifests\microsoft-windows-textservicesframework-migration\imkrmig.dll (136.3 KB)
Extracting: H:\sources\replacementmanifests\microsoft-windows-textservicesframework-migration\msctfmig.dll (160.3 KB)
Extracting: H:\sources\replacementmanifests\microsoft-windows-textservicesframework-migration\tabletextservicemig.dll (104.3 KB)
Extracting: H:\sources\replacementmanifests\microsoft-windows-virtualization-vmswitch\vmswitchmigrationplugin.dll (300.3 KB)
Extracting: H:\sources\replacementmanifests\microsoft-windows-virtualization-vmswitch-migration-replacement.man (1.9 KB)
Extracting: H:\sources\replacementmanifests\microsoft-windows-wcfcorecomp-replacement.man (865 bytes)
Extracting: H:\sources\replacementmanifests\microsoft-windows-workstationservice-replacement.man (1.2 KB)
Extracting: H:\sources\replacementmanifests\microsoft.windows.com.complus.setup-replacement.man (1.9 KB)
Extracting: H:\sources\replacementmanifests\microsoft.windows.com.dtc.setup-replacement.man (4.4 KB)
Extracting: H:\sources\replacementmanifests\microsoftwindowsdefragcore-replacement.man (1.5 KB)
Extracting: H:\sources\replacementmanifests\mmdeviceapi-migration-replacement.man (3.6 KB)
Extracting: H:\sources\replacementmanifests\mmsys-migration-replacement.man (1.3 KB)
Extracting: H:\sources\replacementmanifests\mpr-replacement.man (770 bytes)
Extracting: H:\sources\replacementmanifests\msmpeg2vdec-migration-replacement.man (1.2 KB)
Extracting: H:\sources\replacementmanifests\muisettings-replacement.man (1.6 KB)
Extracting: H:\sources\replacementmanifests\mup-replacement.man (2.5 KB)
Extracting: H:\sources\replacementmanifests\ndis-repl.man (2.9 KB)
Extracting: H:\sources\replacementmanifests\netfx-wcf-http-activation-replacement.man (1.8 KB)
Extracting: H:\sources\replacementmanifests\netfx-wcf-msmqactivation-registration-replacement.man (1 KB)
Extracting: H:\sources\replacementmanifests\netfx-wcf-pipeactivation-registration-replacement.man (1 KB)
Extracting: H:\sources\replacementmanifests\netfx-wcf-tcpactivation-registration-replacement.man (1 KB)
Extracting: H:\sources\replacementmanifests\netfx3-replacement.man (601 bytes)
Extracting: H:\sources\replacementmanifests\netfx4-policy-replacement.man (863 bytes)
Extracting: H:\sources\replacementmanifests\netfx4-replacement.man (668 bytes)
Extracting: H:\sources\replacementmanifests\netfx4-wcf-client-replacement.man (1.5 KB)
Extracting: H:\sources\replacementmanifests\netfx4-wcf-extended-replacement.man (1.4 KB)
Extracting: H:\sources\replacementmanifests\netfx4clientcorecomp-replacement.man (17.1 KB)
Extracting: H:\sources\replacementmanifests\networkbridge\bridgemigplugin.dll (132.3 KB)
Extracting: H:\sources\replacementmanifests\networking-mpssvc-svc\icfupgd.dll (164.3 KB)
Extracting: H:\sources\replacementmanifests\networking-mpssvc-svc.replacement.man (1.7 KB)
Extracting: H:\sources\replacementmanifests\networkloadbalancingmanagementclient-replacement.man (674 bytes)
Extracting: H:\sources\replacementmanifests\networkloadbalancingmanagementheadlessserver-replacement.man (673 bytes)
Extracting: H:\sources\replacementmanifests\networkprofile-replacement.man (2.1 KB)
Extracting: H:\sources\replacementmanifests\networksecurity.replacement.man (10.3 KB)
Extracting: H:\sources\replacementmanifests\nfs-admincore-repl.man (1.2 KB)
Extracting: H:\sources\replacementmanifests\nfs-clientcore-repl.man (1.2 KB)
Extracting: H:\sources\replacementmanifests\nfs-servercore-repl.man (1.2 KB)
Extracting: H:\sources\replacementmanifests\nfs-servercoreupg-clientcore-repl.man (1.1 KB)
Extracting: H:\sources\replacementmanifests\nfs-servercoreupg-servercore-repl.man (1.1 KB)
Extracting: H:\sources\replacementmanifests\ngclocalaccountmigplugin-replacement.man (1.3 KB)
Extracting: H:\sources\replacementmanifests\ngcpopkeysrv_dll-repl.man (911 bytes)
Extracting: H:\sources\replacementmanifests\nlasvc-replace.man (943 bytes)
Extracting: H:\sources\replacementmanifests\notepad-repl.man (1 KB)
Extracting: H:\sources\replacementmanifests\npas-role-replacement.man (753 bytes)
Extracting: H:\sources\replacementmanifests\npsui-replacement.man (633 bytes)
Extracting: H:\sources\replacementmanifests\odbc32dll-repl.man (13.6 KB)
Extracting: H:\sources\replacementmanifests\onecore_speechcommon-rep.man (11.6 KB)
Extracting: H:\sources\replacementmanifests\openssh-common-components-onecore-replacement.man (911 bytes)
Extracting: H:\sources\replacementmanifests\pcpksp_dll-repl.man (3.8 KB)
Extracting: H:\sources\replacementmanifests\peerdist-client-migration-replacement.man (6.2 KB)
Extracting: H:\sources\replacementmanifests\peerdist-server-migration-replacement.man (6.2 KB)
Extracting: H:\sources\replacementmanifests\peerdist-upgrade-replacement.man (3.2 KB)
Extracting: H:\sources\replacementmanifests\peertopeergrouping-replacement.man (1.7 KB)
Extracting: H:\sources\replacementmanifests\performancecounterinfrastructurenonexecutable-replacement.man (1.6 KB)
Extracting: H:\sources\replacementmanifests\personalizationcsp-repl.man (1.4 KB)
Extracting: H:\sources\replacementmanifests\pnpmigration-replacement.man (982 bytes)
Extracting: H:\sources\replacementmanifests\posproviders-replacement.man (1.3 KB)
Extracting: H:\sources\replacementmanifests\power-energyestimationengine-replacement.man (6.3 KB)
Extracting: H:\sources\replacementmanifests\powercpl-replacement.man (2.5 KB)
Extracting: H:\sources\replacementmanifests\powermanagement-powerpolicy-definitions-replacement-v1019h1.man (6.0 KB)
Extracting: H:\sources\replacementmanifests\powermanagement-powerpolicy-definitions-replacement-v1119h1.man (5.5 KB)
Extracting: H:\sources\replacementmanifests\powermanagement-powerpolicy-definitions-replacement-v12vb.man (5.5 KB)
Extracting: H:\sources\replacementmanifests\powermanagement-powerpolicy-definitions-replacement-v13vb.man (5.9 KB)
Extracting: H:\sources\replacementmanifests\powermanagement-powerpolicy-definitions-replacement-v4rs1.man (4.1 KB)
Extracting: H:\sources\replacementmanifests\powermanagement-powerpolicy-definitions-replacement-v5rs1.man (4.1 KB)
Extracting: H:\sources\replacementmanifests\powermanagement-powerpolicy-definitions-replacement-v6rs2.man (4.1 KB)
Extracting: H:\sources\replacementmanifests\powermanagement-powerpolicy-definitions-replacement-v7rs2.man (5.3 KB)
Extracting: H:\sources\replacementmanifests\powermanagement-powerpolicy-definitions-replacement-v8rs4.man (5.8 KB)
Extracting: H:\sources\replacementmanifests\powermanagement-powerpolicy-definitions-replacement-v9rs5.man (5.9 KB)
Extracting: H:\sources\replacementmanifests\powermanagement-powerpolicy-definitions-replacement-vista.man (1.9 KB)
Extracting: H:\sources\replacementmanifests\powermanagement-powerpolicy-definitions-replacement-win10.man (3.3 KB)
Extracting: H:\sources\replacementmanifests\powermanagement-powerpolicy-definitions-replacement-win7.man (2.6 KB)
Extracting: H:\sources\replacementmanifests\powermanagement-powerpolicy-definitions-replacement-win8.man (26.5 KB)
Extracting: H:\sources\replacementmanifests\powermanagement-powerpolicy-migration-replacement.man (652 bytes)
Extracting: H:\sources\replacementmanifests\ppipolicies-encryption-replacement.man (1001 bytes)
Extracting: H:\sources\replacementmanifests\ppipolicies-general-replacement.man (2.1 KB)
Extracting: H:\sources\replacementmanifests\ppipolicies-miracast-replacement.man (1.3 KB)
Extracting: H:\sources\replacementmanifests\ppipolicies-power-replacement.man (985 bytes)
Extracting: H:\sources\replacementmanifests\printing-localprinting-replacement\apmonportmig.dll (128.3 KB)
Extracting: H:\sources\replacementmanifests\printing-localprinting-replacement\usbportmig.dll (156.3 KB)
Extracting: H:\sources\replacementmanifests\printing-localprinting-replacement.man (3.5 KB)
Extracting: H:\sources\replacementmanifests\printing-server-foundation-features-upgrade.man (1.4 KB)
Extracting: H:\sources\replacementmanifests\printing-servercore-wow64-rm.man (930 bytes)
Extracting: H:\sources\replacementmanifests\printing-spooler-core-replacement.man (933 bytes)
Extracting: H:\sources\replacementmanifests\processmodel-cpt-rm.man (1.8 KB)
Extracting: H:\sources\replacementmanifests\profsvcreplacement.man (1 KB)
Extracting: H:\sources\replacementmanifests\propsys-replacement.man (2.2 KB)
Extracting: H:\sources\replacementmanifests\quickactions-windows-replacement.man (1.3 KB)
Extracting: H:\sources\replacementmanifests\rasapi-repl.man (3.1 KB)
Extracting: H:\sources\replacementmanifests\rasbase-rassstp-repl.man (6.0 KB)
Extracting: H:\sources\replacementmanifests\rasbase-repl.man (5.8 KB)
Extracting: H:\sources\replacementmanifests\rasddm-repl.man (2.5 KB)
Extracting: H:\sources\replacementmanifests\rasmanservice-repl.man (2.2 KB)
Extracting: H:\sources\replacementmanifests\rasmanservice-replv2.man (2.6 KB)
Extracting: H:\sources\replacementmanifests\rasmanservice-replv3.man (2.7 KB)
Extracting: H:\sources\replacementmanifests\rasppp-repl.man (2.9 KB)
Extracting: H:\sources\replacementmanifests\rasrqs-repl.man (1.8 KB)
Extracting: H:\sources\replacementmanifests\rasserver-repl.man (26.6 KB)
Extracting: H:\sources\replacementmanifests\rasserveradmintools-replacement.man (642 bytes)
Extracting: H:\sources\replacementmanifests\refs-replacement.man (1.1 KB)
Extracting: H:\sources\replacementmanifests\refs-v1-replacement.man (454 bytes)
Extracting: H:\sources\replacementmanifests\retaildemo.deployment.replacement.man (1 KB)
Extracting: H:\sources\replacementmanifests\rights-management-client-v1-api-replacement.man (4.4 KB)
Extracting: H:\sources\replacementmanifests\rights-management-services-admin-tools-replacement.man (1 KB)
Extracting: H:\sources\replacementmanifests\rights-management-services-management-tools-replacement.man (1 KB)
Extracting: H:\sources\replacementmanifests\rights-management-services-role-replacement.man (1019 bytes)
Extracting: H:\sources\replacementmanifests\schedsvc-replacement.man (2.3 KB)
Extracting: H:\sources\replacementmanifests\security-malware-windows-defender-repl.man (2.5 KB)
Extracting: H:\sources\replacementmanifests\security-spp-migration-replacement.man (2.8 KB)
Extracting: H:\sources\replacementmanifests\securitycenter-core-replacement.man (957 bytes)
Extracting: H:\sources\replacementmanifests\servercore-wow64-rm.man (763 bytes)
Extracting: H:\sources\replacementmanifests\settingshandlers_accessibility-replacement.man (972 bytes)
Extracting: H:\sources\replacementmanifests\sharedpccsp-repl.man (1.3 KB)
Extracting: H:\sources\replacementmanifests\sharemgmt-rsatclient-tools-replacement.man (625 bytes)
Extracting: H:\sources\replacementmanifests\shell32-replacement.man (17.3 KB)
Extracting: H:\sources\replacementmanifests\shmig-replacement.man (2.8 KB)
Extracting: H:\sources\replacementmanifests\shutdown-event-tracker-repl.man (1.1 KB)
Extracting: H:\sources\replacementmanifests\signalmanager-replacement.man (1 KB)
Extracting: H:\sources\replacementmanifests\signature-replacement.man (2.8 KB)
Extracting: H:\sources\replacementmanifests\smartcardsubsystem-repl.man (2.3 KB)
Extracting: H:\sources\replacementmanifests\smsroutersvc-replacement.man (2 KB)
Extracting: H:\sources\replacementmanifests\snippingtoolsettingsmigration-replacement.man (880 bytes)
Extracting: H:\sources\replacementmanifests\snmp-gui-tools-replacement.man (634 bytes)
Extracting: H:\sources\replacementmanifests\sounds-migration-replacement.man (2.4 KB)
Extracting: H:\sources\replacementmanifests\spectrum-replacement.man (864 bytes)
Extracting: H:\sources\replacementmanifests\sppmig\sppmig.dll (60.3 KB)
Extracting: H:\sources\replacementmanifests\srm-cbadriver-repl.man (2.5 KB)
Extracting: H:\sources\replacementmanifests\srm-datascrndriver-repl.man (2.6 KB)
Extracting: H:\sources\replacementmanifests\srm-infrastructure-repl.man (694 bytes)
Extracting: H:\sources\replacementmanifests\srm-management-repl.man (621 bytes)
Extracting: H:\sources\replacementmanifests\srm-quotadriver-repl.man (2.5 KB)
Extracting: H:\sources\replacementmanifests\srm-service-repl.man (4.0 KB)
Extracting: H:\sources\replacementmanifests\srm-service-reports-repl.man (2.8 KB)
Extracting: H:\sources\replacementmanifests\srm-ui-repl.man (2.4 KB)
Extracting: H:\sources\replacementmanifests\srumon-replacement.man (1.3 KB)
Extracting: H:\sources\replacementmanifests\starttiledata-replacement.man (4.5 KB)
Extracting: H:\sources\replacementmanifests\sysdm-replacement.man (2.6 KB)
Extracting: H:\sources\replacementmanifests\sysmain-replacement.man (1.8 KB)
Extracting: H:\sources\replacementmanifests\systemsettings_handlers_cortana-replacement.man (992 bytes)
Extracting: H:\sources\replacementmanifests\systemsettingsthreshold-replacement.man (1 KB)
Extracting: H:\sources\replacementmanifests\tabletpcplatforminput-core-replacement.man (15.3 KB)
Extracting: H:\sources\replacementmanifests\tcblaunch-replacement.man (880 bytes)
Extracting: H:\sources\replacementmanifests\tcpip-replacement.man (24.1 KB)
Extracting: H:\sources\replacementmanifests\terminalservices-appserver-licensing-replacement.man (1.1 KB)
Extracting: H:\sources\replacementmanifests\terminalservices-gateway-package-r-replacement.man (1 KB)
Extracting: H:\sources\replacementmanifests\terminalservices-gateway-package-replacement.man (1 KB)
Extracting: H:\sources\replacementmanifests\terminalservices-gateway-ui-package-r-replacement.man (1 KB)
Extracting: H:\sources\replacementmanifests\terminalservices-gateway-ui-package-replacement.man (1 KB)
Extracting: H:\sources\replacementmanifests\terminalservices-licenseserver-replacement.man (1.7 KB)
Extracting: H:\sources\replacementmanifests\terminalservices-localsessionmanager-replacement.man (1.3 KB)
Extracting: H:\sources\replacementmanifests\terminalservices-publishing-wmiprovider-replacement.man (904 bytes)
Extracting: H:\sources\replacementmanifests\terminalservices-rapweb-replacement.man (860 bytes)
Extracting: H:\sources\replacementmanifests\terminalservices-rapwebpart-replacement.man (1.1 KB)
Extracting: H:\sources\replacementmanifests\terminalservices-rdp-winstationextensions-replacement.man (3.3 KB)
Extracting: H:\sources\replacementmanifests\terminalservices-remoteconnectionmanager-replacement.man (5.3 KB)
Extracting: H:\sources\replacementmanifests\terminalservices-role-package-r-replacement.man (1 KB)
Extracting: H:\sources\replacementmanifests\terminalservices-role-package-replacement.man (1 KB)
Extracting: H:\sources\replacementmanifests\terminalservices-sessiondirectory-client-replacement.man (2.7 KB)
Extracting: H:\sources\replacementmanifests\terminalservices-sessiondirectory-server-replacement.man (4.1 KB)
Extracting: H:\sources\replacementmanifests\terminalservices-tsv-vmhostagent-replacement.man (1.2 KB)
Extracting: H:\sources\replacementmanifests\tetheringservice-repl.man (1 KB)
Extracting: H:\sources\replacementmanifests\textservicesframework-migration-replacement.man (6.3 KB)
Extracting: H:\sources\replacementmanifests\time-service-replacement.man (1.2 KB)
Extracting: H:\sources\replacementmanifests\tpmdriverwmi-replacement.man (2.5 KB)
Extracting: H:\sources\replacementmanifests\tpmvsc-repl.man (916 bytes)
Extracting: H:\sources\replacementmanifests\twinui-replacement.man (11.8 KB)
Extracting: H:\sources\replacementmanifests\twinui.pcshell-replacement.man (1.2 KB)
Extracting: H:\sources\replacementmanifests\udfs-replacement.man (1.5 KB)
Extracting: H:\sources\replacementmanifests\updateservices-common-replacement.man (850 bytes)
Extracting: H:\sources\replacementmanifests\updateservices-services-replacement.man (2.8 KB)
Extracting: H:\sources\replacementmanifests\upnpdevicehost-replacement.man (2.4 KB)
Extracting: H:\sources\replacementmanifests\upnpdevicehost-server-replacement.man (2.4 KB)
Extracting: H:\sources\replacementmanifests\upnpssdp-replacement.man (2.3 KB)
Extracting: H:\sources\replacementmanifests\upnpssdp-server-replacement.man (2.3 KB)
Extracting: H:\sources\replacementmanifests\usbmigration-replacement.man (1.6 KB)
Extracting: H:\sources\replacementmanifests\vault-replacement.man (2.1 KB)
Extracting: H:\sources\replacementmanifests\video-tvvideocontrol-replacement.man (914 bytes)
Extracting: H:\sources\replacementmanifests\virtualdiskservice-repl.man (1.7 KB)
Extracting: H:\sources\replacementmanifests\volsnap-repl.man (2.9 KB)
Extracting: H:\sources\replacementmanifests\vssservice-repl.man (4 KB)
Extracting: H:\sources\replacementmanifests\wbiosrvc-replacement.man (1.8 KB)
Extracting: H:\sources\replacementmanifests\wcf-http-activation-replacement.man (850 bytes)
Extracting: H:\sources\replacementmanifests\wcf-nonhttp-activation-replacement.man (860 bytes)
Extracting: H:\sources\replacementmanifests\web-services-for-management-core-replacement.man (13.6 KB)
Extracting: H:\sources\replacementmanifests\webdavredir-clientonly-replacement.man (2.1 KB)
Extracting: H:\sources\replacementmanifests\webdavredir-serveronly-replacement.man (2.1 KB)
Extracting: H:\sources\replacementmanifests\wia-coreservices-replacement.man (969 bytes)
Extracting: H:\sources\replacementmanifests\wicamigrationav-rl.man (9.5 KB)
Extracting: H:\sources\replacementmanifests\wid8-migration.man (2 KB)
Extracting: H:\sources\replacementmanifests\win32k-settings-repl.man (18.3 KB)
Extracting: H:\sources\replacementmanifests\windows-senseclient-service-rep.man (2.0 KB)
Extracting: H:\sources\replacementmanifests\windows.cortana.desktop-repl.man (1.5 KB)
Extracting: H:\sources\replacementmanifests\windows.holographic.displaythrottling-replacement.man (2.5 KB)
Extracting: H:\sources\replacementmanifests\windows.media-migration-replacement.man (993 bytes)
Extracting: H:\sources\replacementmanifests\windows.sharedpc.accountmanager-repl.man (1.4 KB)
Extracting: H:\sources\replacementmanifests\windows.ui.shell-repl.man (2 KB)
Extracting: H:\sources\replacementmanifests\windowspushnotifications-platform-library-replacement.man (1.4 KB)
Extracting: H:\sources\replacementmanifests\windowssearchengine\wsearchmigplugin.dll (140.3 KB)
Extracting: H:\sources\replacementmanifests\windowssearchengine-replacement.man (6.2 KB)
Extracting: H:\sources\replacementmanifests\windowsstoreapi-replacement.man (1.1 KB)
Extracting: H:\sources\replacementmanifests\windowsupdate-replacement.man (1.7 KB)
Extracting: H:\sources\replacementmanifests\windowswebapphost-replacement.man (1.1 KB)
Extracting: H:\sources\replacementmanifests\winlogon-replacement.man (12.3 KB)
Extracting: H:\sources\replacementmanifests\winmde-migration-replacement.man (1016 bytes)
Extracting: H:\sources\replacementmanifests\winnat-replacement.man (1.2 KB)
Extracting: H:\sources\replacementmanifests\winsat-cmi-replacement.man (889 bytes)
Extracting: H:\sources\replacementmanifests\wlidsvc-replacement.man (4.8 KB)
Extracting: H:\sources\replacementmanifests\wlidsvc.vista-win7.man (4.1 KB)
Extracting: H:\sources\replacementmanifests\wmdmigration-replacement.man (4 KB)
Extracting: H:\sources\replacementmanifests\wmi-core-replacement.man (2.7 KB)
Extracting: H:\sources\replacementmanifests\wmiacpi-replacement.man (1.1 KB)
Extracting: H:\sources\replacementmanifests\wmpnsservice-migration-replacement.man (1.5 KB)
Extracting: H:\sources\replacementmanifests\wmpplayer-migration-replacement.man (2.8 KB)
Extracting: H:\sources\replacementmanifests\wpc\wpcmigration.downlevel.dll (232.3 KB)
Extracting: H:\sources\replacementmanifests\wpc\wpcmigration.uplevel.dll (260.3 KB)
Extracting: H:\sources\replacementmanifests\wsinfra-other-mw-replacement.man (1.1 KB)
Extracting: H:\sources\replacementmanifests\wsinfra-upgrade-replacement.man (1.5 KB)
Extracting: H:\sources\replacementmanifests\wwansvc-servercfg-repl.man (1 KB)
Extracting: H:\sources\reportgen.dll (72.3 KB)
Extracting: H:\sources\reservemanager.dll (308.3 KB)
Extracting: H:\sources\rmsupg.dll (88.3 KB)
Extracting: H:\sources\rollback.exe (156.3 KB)
Extracting: H:\sources\schema.dat (92 KB)
Extracting: H:\sources\sdbapiu.dll (324.3 KB)
Extracting: H:\sources\segoeui.ttf (933.4 KB)
Extracting: H:\sources\servicingcommon.dll (920.4 KB)
Extracting: H:\sources\setup.exe (328.3 KB)
Extracting: H:\sources\setupcompat.dll (392.3 KB)
Extracting: H:\sources\setupcore.dll (2.2 MB)
Extracting: H:\sources\setupdiag.exe (557.4 KB)
Extracting: H:\sources\setuperror.exe (71.8 KB)
Extracting: H:\sources\setuphost.exe (840.3 KB)
Extracting: H:\sources\setupmgr.dll (1 MB)
Extracting: H:\sources\setupplatform.cfg (13.2 KB)
Extracting: H:\sources\setupplatform.dll (9.1 MB)
Extracting: H:\sources\setupplatform.exe (196.3 KB)
Extracting: H:\sources\setupprep.exe (1.1 MB)
Extracting: H:\sources\sfcn.dat (1.8 KB)
Extracting: H:\sources\sflcid.dat (1.6 KB)
Extracting: H:\sources\sflistrs1.dat (5.3 MB)
Extracting: H:\sources\sflistw7.dat (1.6 MB)
Extracting: H:\sources\sflistw8.dat (2.5 MB)
Extracting: H:\sources\sflistw8.woa.dat (932.1 KB)
Extracting: H:\sources\sflistwb.dat (3 MB)
Extracting: H:\sources\sflistwb.woa.dat (1.1 MB)
Extracting: H:\sources\sflistwt.dat (4.7 MB)
Extracting: H:\sources\sflistwt.woa.dat (2.5 MB)
Extracting: H:\sources\sfpat.inf (11.3 KB)
Extracting: H:\sources\sfpatrs1.inf (165.9 KB)
Extracting: H:\sources\sfpatw7.inf (17.0 KB)
Extracting: H:\sources\sfpatw8.inf (77.9 KB)
Extracting: H:\sources\sfpatwb.inf (89.5 KB)
Extracting: H:\sources\sfpatwt.inf (161.8 KB)
Extracting: H:\sources\smiengine.dll (948.3 KB)
Extracting: H:\sources\spflvrnt.dll (52.3 KB)
Extracting: H:\sources\spprgrss.dll (76.3 KB)
Extracting: H:\sources\spwizeng.dll (540.3 KB)
Extracting: H:\sources\spwizimg.dll (5.6 MB)
Extracting: H:\sources\spwizres.dll (24.3 KB)
Extracting: H:\sources\sqmapi.dll (68.9 KB)
Extracting: H:\sources\sxs\microsoft-windows-internetexplorer-optional-package~31bf3856ad364e35~amd64~~.cab (294.2 KB)
Extracting: H:\sources\sxs\microsoft-windows-netfx3-ondemand-package~31bf3856ad364e35~amd64~~.cab (69.5 MB)
Extracting: H:\sources\uddicomp.dll (64.5 KB)
Extracting: H:\sources\unattend.dll (228.3 KB)
Extracting: H:\sources\unbcl.dll (1.1 MB)
Extracting: H:\sources\uninstall.xml (4.3 KB)
Extracting: H:\sources\uninstall_data.xml (10.9 KB)
Extracting: H:\sources\updateagent.dll (3 MB)
Extracting: H:\sources\upgloader.dll (128.3 KB)
Extracting: H:\sources\upgrade_bulk.xml (204.6 KB)
Extracting: H:\sources\upgrade_comp.xml (5.9 KB)
Extracting: H:\sources\upgrade_data.xml (40.8 KB)
Extracting: H:\sources\upgrade_frmwrk.xml (18.3 KB)
Extracting: H:\sources\upgradeagent.dll (3.1 MB)
Extracting: H:\sources\upgradeagent.xml (69.2 KB)
Extracting: H:\sources\upgwow_bulk.xml (112.3 KB)
Extracting: H:\sources\utcapi.dll (56.3 KB)
Extracting: H:\sources\uup\metadata\desktoptargetcompdb_neutral.xml.cab (43.3 KB)
Extracting: H:\sources\uxlib.dll (180.3 KB)
Extracting: H:\sources\uxlibres.dll (20.3 KB)
Extracting: H:\sources\vhdprovider.dll (596.3 KB)
Extracting: H:\sources\vi-vn\compatresources.dll.mui (31 KB)
Extracting: H:\sources\vi-vn\mediasetupuimgr.dll.mui (56.5 KB)
Extracting: H:\sources\w32uiimg.dll (1.4 MB)
Extracting: H:\sources\w32uires.dll (216.3 KB)
Extracting: H:\sources\warning.gif (597 bytes)
Extracting: H:\sources\wdsclient.dll (464.5 KB)
Extracting: H:\sources\wdsclientapi.dll (260.5 KB)
Extracting: H:\sources\wdscommonlib.dll (300 KB)
Extracting: H:\sources\wdscore.dll (272.3 KB)
Extracting: H:\sources\wdscsl.dll (76.3 KB)
Extracting: H:\sources\wdsimage.dll (120.4 KB)
Extracting: H:\sources\wdstptc.dll (184.5 KB)
Extracting: H:\sources\wdsupgcompl.dll (40.4 KB)
Extracting: H:\sources\wdsutil.dll (348.3 KB)
Extracting: H:\sources\wicadevicefilters.xml (13.4 KB)
Extracting: H:\sources\wimgapi.dll (780.3 KB)
Extracting: H:\sources\wimprovider.dll (672.3 KB)
Extracting: H:\sources\win32ui.dll (716.3 KB)
Extracting: H:\sources\windlp.dll (1.4 MB)
Extracting: H:\sources\windlp.pdb (11.8 MB)
Extracting: H:\sources\winsetup.dll (2.9 MB)
Extracting: H:\sources\winsetupboot.hiv (8 KB)
Extracting: H:\sources\winsetupboot.sys (104.3 KB)
Extracting: H:\sources\winsetupmon.hiv (8 KB)
Extracting: H:\sources\winsetupmon.sys (88.3 KB)
Extracting: H:\sources\wpx.dll (1.4 MB)
Extracting: H:\support\logging\actionqueueetw.dll (20.5 KB)
Extracting: H:\support\logging\auditetw.dll (24.4 KB)
Extracting: H:\support\logging\cmisetupetw.dll (24.5 KB)
Extracting: H:\support\logging\en-gb\actionqueueetw.dll.mui (3.5 KB)
Extracting: H:\support\logging\etwproviderinstall.vbs (6.7 KB)
Extracting: H:\support\logging\microsoft-windows-actionqueue-instrumentation.man (6.2 KB)
Extracting: H:\support\logging\microsoft-windows-audit-instrumentation.man (6.6 KB)
Extracting: H:\support\logging\microsoft-windows-cmisetup-instrumentation.man (7.1 KB)
Extracting: H:\support\logging\microsoft-windows-oobeldr-instrumentation.man (8.4 KB)
Extracting: H:\support\logging\microsoft-windows-setup-events.man (19.9 KB)
Extracting: H:\support\logging\microsoft-windows-setup-instrumentation.man (9.0 KB)
Extracting: H:\support\logging\microsoft-windows-setupcl-instrumentation.man (15 KB)
Extracting: H:\support\logging\microsoft-windows-setupugc-instrumentation.man (7.1 KB)
Extracting: H:\support\logging\microsoft-windows-sysprep-instrumentation.man (13.5 KB)
Extracting: H:\support\logging\microsoft-windows-windeploy-instrumentation.man (8.4 KB)
Extracting: H:\support\logging\oobeldretw.dll (24.5 KB)
Extracting: H:\support\logging\setupcletw.dll (28.5 KB)
Extracting: H:\support\logging\setupetw.dll (28.3 KB)
Extracting: H:\support\logging\setupugcetw.dll (24.5 KB)
Extracting: H:\support\logging\sysprepetw.dll (28.5 KB)
Extracting: H:\support\logging\windeployetw.dll (24.5 KB)
Extracting: H:\support\logging\winsetupetw.dll (72.5 KB)
Applying Windows customization:
Renamed 'H:\sources\appraiserres.dll' → 'H:\sources\appraiserres.bak'
Created 'H:\sources\appraiserres.dll' placeholder
Mounting 'H:\sources\boot.wim'...
Mounted 'H:\sources\boot.wim [2]' on 'C:\Users\ADITYA~1\AppData\Local\Temp\Ruf9BFF.tmp'
Mounted offline registry hive 'C:\Users\ADITYA~1\AppData\Local\Temp\Ruf9BFF.tmp\Windows\System32\config\SYSTEM' to 'HKLM\RUFUS_OFFLINE_HIVE'
Created 'HKLM\SYSTEM\Setup\LabConfig\BypassTPMCheck' registry key
Created 'HKLM\SYSTEM\Setup\LabConfig\BypassSecureBootCheck' registry key
Created 'HKLM\SYSTEM\Setup\LabConfig\BypassRAMCheck' registry key
Created 'H:\sources\$OEM$\$$\Panther\unattend.xml'
Unmounted offline registry hive 'HKLM\RUFUS_OFFLINE_HIVE'
Unmounting 'H:\sources\boot.wim'...
Unmounted 'C:\Users\ADITYA~1\AppData\Local\Temp\Ruf9BFF.tmp [2]'
Finalizing, please wait...
H:autorun.inf already exists - keeping it
NTFS Fixup (Checkdisk)...
Volume label is CCCOMA_X64FRE_EN-GB_DV9.

Stage 1: Examining basic file system structure ...
  1280 file records processed.
File verification completed.
 Phase duration (File record verification): 96.10 milliseconds.
  0 large file records processed.
 Phase duration (Orphan file record recovery): 1.38 milliseconds.
  0 bad file records processed.
 Phase duration (Bad file record checking): 1.14 milliseconds.

Stage 2: Examining file name linkage ...
  1486 index entries processed.
Index verification completed.
 Phase duration (Index verification): 401.40 milliseconds.
 Phase duration (Orphan reconnection): 0.74 milliseconds.
 Phase duration (Orphan recovery to lost and found): 0.33 milliseconds.
  0 reparse records processed.
  0 reparse records processed.
 Phase duration (Reparse point and Object ID verification): 3.47 milliseconds.

Stage 3: Examining security descriptors ...
Security descriptor verification completed.
 Phase duration (Security descriptor verification): 17.73 milliseconds.
  103 data files processed.
 Phase duration (Data attribute verification): 1.58 milliseconds.

Windows has scanned the file system and found no problems.
No further action is required.

  30668746 KB total disk space.
   5457408 KB in 952 files.
       340 KB in 105 indexes.
     44550 KB in use by the system.
     41920 KB occupied by the log file.
  25166448 KB available on disk.
      4096 bytes in each allocation unit.
   7667186 total allocation units on disk.
   6291612 allocation units available on disk.
Total duration: 527.54 milliseconds (527 ms).
NTFS Fixup completed.

Found USB 2.0 device 'SanDisk Cruzer Blade USB Device' (0781:5567)
1 device found
Disk type: Removable, Disk size: 32 GB, Sector size: 512 bytes
Cylinders: 3818, Tracks per cylinder: 255, Sectors per track: 63
Partition type: GPT, NB Partitions: 2
Disk GUID: {C9A12AAF-2485-4785-9606-73E3BA0142D6}
Max parts: 128, Start Offset: 17408, Usable = 31406914048 bytes
Partition 1:
  Type: Microsoft Basic Data Partition
  Name: 'Main Data Partition'
  Detected File System: NTFS
  ID: {7190A0E6-DB1F-42BE-88FD-20CB762B6459}
  Size: 29.2 GB (31404796416 bytes)
  Start Sector: 2048, Attributes: 0x0000000000000000
Partition 2 (UEFI:NTFS):
  Type: Microsoft Basic Data Partition
  Name: 'UEFI:NTFS'
  Detected File System: FAT12
  ID: {ECD7D91B-18B4-43FC-B81A-74C41481FD04}
  Size: 1 MB (1048576 bytes)
  Start Sector: 61339541, Attributes: 0x9000000000000000
